<?xml version="1.0"?>
<testsuites>
  <testsuite name="PhantomJS 1.9.8 (Linux)" package="" timestamp="2018-04-04T16:24:20" id="0" hostname="damian" tests="0" errors="1" failures="0" time="0">
    <properties>
      <property name="browser.fullName" value="Mozilla/5.0 (Unknown; Linux x86_64) AppleWebKit/534.34 (KHTML, like Gecko) PhantomJS/1.9.8 Safari/534.34"/>
    </properties>
    <system-out><![CDATA[PhantomJS 1.9.8 (Linux) ERROR
	ReferenceError: Can't find variable: module
	at /home/damian/www_cedexis/sharedopenmixapps/20Minutes/20minutes.fr_assets_img/test/tests.js:18

]]></system-out>
    <system-err/>
  </testsuite>
</testsuites>
